Using pre-set license
Built from '2020.3/staging' branch; Version is '2020.3.16f1 (049d6eca3c44) revision 302446'; Using compiler version '192528614'; Build Type 'Release'
OS: 'Windows 10 Home; OS build 19042.1348; Version 2009; 64bit' Language: 'zh' Physical Memory: 15789 MB
BatchMode: 1, IsHumanControllingUs: 0, StartBugReporterOnCrash: 0, Is64bit: 1, IsPro: 0

 COMMAND LINE ARGUMENTS:
C:\Program Files\Unity\Hub\Editor\2020.3.16f1\Editor\Unity.exe
-adb2
-batchMode
-noUpm
-name
AssetImportWorker0
-projectPath
C:/Users/willy/Documents/GitHub/Unity_lesson_shader/Unity_lesson_shader
-logFile
Logs/AssetImportWorker0.log
-srvPort
7575
Successfully changed project path to: C:/Users/willy/Documents/GitHub/Unity_lesson_shader/Unity_lesson_shader
C:/Users/willy/Documents/GitHub/Unity_lesson_shader/Unity_lesson_shader
Using Asset Import Pipeline V2.
Refreshing native plugins compatible for Editor in 61.85 ms, found 2 plugins.
Preloading 0 native plugins for Editor in 0.00 ms.
Initialize engine version: 2020.3.16f1 (049d6eca3c44)
[Subsystems] Discovering subsystems at path C:/Program Files/Unity/Hub/Editor/2020.3.16f1/Editor/Data/Resources/UnitySubsystems
[Subsystems] Discovering subsystems at path C:/Users/willy/Documents/GitHub/Unity_lesson_shader/Unity_lesson_shader/Assets
GfxDevice: creating device client; threaded=0
Direct3D:
    Version:  Direct3D 11.0 [level 11.1]
    Renderer: NVIDIA GeForce RTX 2060 (ID=0x1f15)
    Vendor:   
    VRAM:     5980 MB
    Driver:   30.0.14.7196
Shader 'Universal Render Pipeline/Particles/Lit': fallback shader 'Universal Render Pipeline/Particles/SimpleLit' not found
Initialize mono
Mono path[0] = 'C:/Program Files/Unity/Hub/Editor/2020.3.16f1/Editor/Data/Managed'
Mono path[1] = 'C:/Program Files/Unity/Hub/Editor/2020.3.16f1/Editor/Data/MonoBleedingEdge/lib/mono/unityjit'
Mono config path = 'C:/Program Files/Unity/Hub/Editor/2020.3.16f1/Editor/Data/MonoBleedingEdge/etc'
Using monoOptions --debugger-agent=transport=dt_socket,embedding=1,server=y,suspend=n,address=127.0.0.1:56348
Begin MonoManager ReloadAssembly
Registering precompiled unity dll's ...
Register platform support module: C:/Program Files/Unity/Hub/Editor/2020.3.16f1/Editor/Data/PlaybackEngines/WebGLSupport/UnityEditor.WebGL.Extensions.dll
Register platform support module: C:/Program Files/Unity/Hub/Editor/2020.3.16f1/Editor/Data/PlaybackEngines/WindowsStandaloneSupport/UnityEditor.WindowsStandalone.Extensions.dll
Registered in 0.005758 seconds.
Native extension for WindowsStandalone target not found
Native extension for WebGL target not found
Refreshing native plugins compatible for Editor in 54.63 ms, found 2 plugins.
Preloading 0 native plugins for Editor in 0.00 ms.
Mono: successfully reloaded assembly
- Completed reload, in  3.093 seconds
Domain Reload Profiling:
	ReloadAssembly (3094ms)
		BeginReloadAssembly (92ms)
			ExecutionOrderSort (0ms)
			DisableScriptedObjects (0ms)
			BackupInstance (0ms)
			ReleaseScriptingObjects (0ms)
			CreateAndSetChildDomain (1ms)
		EndReloadAssembly (471ms)
			LoadAssemblies (89ms)
			RebuildTransferFunctionScriptingTraits (0ms)
			SetupTypeCache (154ms)
			ReleaseScriptCaches (0ms)
			RebuildScriptCaches (35ms)
			SetupLoadedEditorAssemblies (195ms)
				LogAssemblyErrors (0ms)
				InitializePlatformSupportModulesInManaged (7ms)
				SetLoadedEditorAssemblies (0ms)
				RefreshPlugins (55ms)
				BeforeProcessingInitializeOnLoad (19ms)
				ProcessInitializeOnLoadAttributes (83ms)
				ProcessInitializeOnLoadMethodAttributes (30ms)
				AfterProcessingInitializeOnLoad (0ms)
				EditorAssembliesLoaded (0ms)
			ExecutionOrderSort2 (0ms)
			AwakeInstancesAfterBackupRestoration (0ms)
Platform modules already initialized, skipping
Registering precompiled user dll's ...
Registered in 0.008626 seconds.
Begin MonoManager ReloadAssembly
Native extension for WindowsStandalone target not found
Native extension for WebGL target not found
Refreshing native plugins compatible for Editor in 56.84 ms, found 2 plugins.
Preloading 0 native plugins for Editor in 0.00 ms.
Mono: successfully reloaded assembly
- Completed reload, in  1.418 seconds
Domain Reload Profiling:
	ReloadAssembly (1419ms)
		BeginReloadAssembly (181ms)
			ExecutionOrderSort (0ms)
			DisableScriptedObjects (5ms)
			BackupInstance (0ms)
			ReleaseScriptingObjects (0ms)
			CreateAndSetChildDomain (23ms)
		EndReloadAssembly (1158ms)
			LoadAssemblies (138ms)
			RebuildTransferFunctionScriptingTraits (0ms)
			SetupTypeCache (348ms)
			ReleaseScriptCaches (1ms)
			RebuildScriptCaches (52ms)
			SetupLoadedEditorAssemblies (507ms)
				LogAssemblyErrors (0ms)
				InitializePlatformSupportModulesInManaged (6ms)
				SetLoadedEditorAssemblies (0ms)
				RefreshPlugins (57ms)
				BeforeProcessingInitializeOnLoad (116ms)
				ProcessInitializeOnLoadAttributes (303ms)
				ProcessInitializeOnLoadMethodAttributes (5ms)
				AfterProcessingInitializeOnLoad (19ms)
				EditorAssembliesLoaded (0ms)
			ExecutionOrderSort2 (0ms)
			AwakeInstancesAfterBackupRestoration (7ms)
Platform modules already initialized, skipping
========================================================================
Worker process is ready to serve import requests
Shader 'Universal Render Pipeline/Particles/Lit': fallback shader 'Universal Render Pipeline/Particles/SimpleLit' not found
Launched and connected shader compiler UnityShaderCompiler.exe after 0.08 seconds
Refreshing native plugins compatible for Editor in 1.10 ms, found 2 plugins.
Preloading 0 native plugins for Editor in 0.00 ms.
Unloading 2651 Unused Serialized files (Serialized files now loaded: 0)
System memory in use before: 117.8 MB.
System memory in use after: 118.0 MB.

Unloading 19 unused Assets to reduce memory usage. Loaded Objects now: 3084.
Total: 5.055300 ms (FindLiveObjects: 0.350600 ms CreateObjectMapping: 0.121400 ms MarkObjects: 4.440900 ms  DeleteObjects: 0.140300 ms)

AssetImportParameters requested are different than current active one (requested -> active):
  custom:framework-win-MediaFoundation: 216162199b28c13a410421893ffa2e32 -> 
  custom:video-decoder-ogg-theora: a1e56fd34408186e4bbccfd4996cb3dc -> 
  custom:container-muxer-webm: aa71ff27fc2769a1b78a27578f13a17b -> 
  custom:container-demuxer-webm: 4f35f7cbe854078d1ac9338744f61a02 -> 
  custom:container-demuxer-ogg: 62fdf1f143b41e24485cea50d1cbac27 -> 
  custom:video-encoder-webm-vp8: eb34c28f22e8b96e1ab97ce403110664 -> 
  custom:video-decoder-webm-vp8: 9c59270c3fd7afecdb556c50c9e8de78 -> 
  custom:audio-decoder-ogg-vorbis: bf7c407c2cedff20999df2af8eb42d56 -> 
  custom:audio-encoder-webm-vorbis: bf7c407c2cedff20999df2af8eb42d56 -> 
========================================================================
Received Import Request.
  path: Assets/URP
  artifactKey: Guid(9c271cd0d124dd7469236a717d620b00) Importer(815301076,1909f56bfc062723c751e8b465ee728b)
Start importing Assets/URP using Guid(9c271cd0d124dd7469236a717d620b00) Importer(815301076,1909f56bfc062723c751e8b465ee728b)  -> (artifact id: 'c6b4d4f8e7151cf7e4be4e9e7e8e6774') in 0.016352 seconds 
  Import took 0.022422 seconds .

========================================================================
Received Import Request.
  Time since last request: 87.524417 seconds.
  path: Assets/URP/UniversalRenderPipelineAsset.asset
  artifactKey: Guid(54a98da9202687b4bbc178b915227c21) Importer(815301076,1909f56bfc062723c751e8b465ee728b)
Start importing Assets/URP/UniversalRenderPipelineAsset.asset using Guid(54a98da9202687b4bbc178b915227c21) Importer(815301076,1909f56bfc062723c751e8b465ee728b)  -> (artifact id: 'dff2e8b03e96b4292886af0999c10ee9') in 0.099208 seconds 
  Import took 0.104837 seconds .

========================================================================
Received Import Request.
  Time since last request: 0.000197 seconds.
  path: Assets/URP/UniversalRenderPipelineAsset_Renderer.asset
  artifactKey: Guid(ee736d4e156f0704b82884771e5fd705) Importer(815301076,1909f56bfc062723c751e8b465ee728b)
Start importing Assets/URP/UniversalRenderPipelineAsset_Renderer.asset using Guid(ee736d4e156f0704b82884771e5fd705) Importer(815301076,1909f56bfc062723c751e8b465ee728b)  -> (artifact id: '277b58405533afd505f59107e6cece2d') in 0.040179 seconds 
  Import took 0.045262 seconds .

========================================================================
Received Prepare
Switching render pipeline 00000000000000000000000000000000 -> 54a98da9202687b4bbc178b915227c21
Shader 'Universal Render Pipeline/Particles/Lit': fallback shader 'Universal Render Pipeline/Particles/SimpleLit' not found
Refreshing native plugins compatible for Editor in 9.51 ms, found 2 plugins.
Preloading 0 native plugins for Editor in 0.00 ms.
Unloading 60 Unused Serialized files (Serialized files now loaded: 0)
System memory in use before: 65.6 MB.
System memory in use after: 65.9 MB.

Unloading 12 unused Assets to reduce memory usage. Loaded Objects now: 3132.
Total: 5.570600 ms (FindLiveObjects: 0.418300 ms CreateObjectMapping: 0.115800 ms MarkObjects: 4.998900 ms  DeleteObjects: 0.035500 ms)

AssetImportParameters requested are different than current active one (requested -> active):
  custom:framework-win-MediaFoundation: 216162199b28c13a410421893ffa2e32 -> 
  custom:video-decoder-ogg-theora: a1e56fd34408186e4bbccfd4996cb3dc -> 
  custom:container-muxer-webm: aa71ff27fc2769a1b78a27578f13a17b -> 
  custom:container-demuxer-webm: 4f35f7cbe854078d1ac9338744f61a02 -> 
  custom:container-demuxer-ogg: 62fdf1f143b41e24485cea50d1cbac27 -> 
  custom:video-encoder-webm-vp8: eb34c28f22e8b96e1ab97ce403110664 -> 
  custom:video-decoder-webm-vp8: 9c59270c3fd7afecdb556c50c9e8de78 -> 
  custom:audio-decoder-ogg-vorbis: bf7c407c2cedff20999df2af8eb42d56 -> 
  custom:audio-encoder-webm-vorbis: bf7c407c2cedff20999df2af8eb42d56 -> 
========================================================================
Received Import Request.
  Time since last request: 560.735006 seconds.
  path: Assets/材質球
  artifactKey: Guid(6e8bcb0324d65e544816fd117e5e1bfd) Importer(815301076,1909f56bfc062723c751e8b465ee728b)
Start importing Assets/材質球 using Guid(6e8bcb0324d65e544816fd117e5e1bfd) Importer(815301076,1909f56bfc062723c751e8b465ee728b)  -> (artifact id: '164d894e2676dc170c68bf9b5ad5fa3d') in 0.013520 seconds 
  Import took 0.019159 seconds .

========================================================================
Received Import Request.
  Time since last request: 565.121303 seconds.
  path: Assets/材質球/防護罩.shadergraph
  artifactKey: Guid(5b2e198ace832174e99f34c4ef8a7b56) Importer(815301076,1909f56bfc062723c751e8b465ee728b)
Start importing Assets/材質球/防護罩.shadergraph using Guid(5b2e198ace832174e99f34c4ef8a7b56) Importer(815301076,1909f56bfc062723c751e8b465ee728b)  -> (artifact id: 'de6d51ec69df1c704c2fa48d02bebc99') in 0.022779 seconds 
  Import took 0.028257 seconds .

========================================================================
Received Import Request.
  Time since last request: 0.004196 seconds.
  path: Assets/材質球/防護罩.shadergraph
  artifactKey: Guid(5b2e198ace832174e99f34c4ef8a7b56) Importer(815301076,1909f56bfc062723c751e8b465ee728b)
Start importing Assets/材質球/防護罩.shadergraph using Guid(5b2e198ace832174e99f34c4ef8a7b56) Importer(815301076,1909f56bfc062723c751e8b465ee728b)  -> (artifact id: 'de6d51ec69df1c704c2fa48d02bebc99') in 0.008534 seconds 
  Import took 0.014253 seconds .

========================================================================
Received Import Request.
  Time since last request: 81.631744 seconds.
  path: Assets/材質球/防護罩.shadergraph
  artifactKey: Guid(5b2e198ace832174e99f34c4ef8a7b56) Importer(815301076,1909f56bfc062723c751e8b465ee728b)
Start importing Assets/材質球/防護罩.shadergraph using Guid(5b2e198ace832174e99f34c4ef8a7b56) Importer(815301076,1909f56bfc062723c751e8b465ee728b)  -> (artifact id: '02a0e3a927cf5e4ab9c54460b9f55d10') in 0.007216 seconds 
  Import took 0.012305 seconds .

========================================================================
Received Import Request.
  Time since last request: 0.600463 seconds.
  path: Assets/材質球/防護罩.shadergraph
  artifactKey: Guid(5b2e198ace832174e99f34c4ef8a7b56) Importer(815301076,1909f56bfc062723c751e8b465ee728b)
Start importing Assets/材質球/防護罩.shadergraph using Guid(5b2e198ace832174e99f34c4ef8a7b56) Importer(815301076,1909f56bfc062723c751e8b465ee728b)  -> (artifact id: '02a0e3a927cf5e4ab9c54460b9f55d10') in 0.008471 seconds 
  Import took 0.015495 seconds .

========================================================================
Received Import Request.
  Time since last request: 522.061042 seconds.
  path: Assets/材質球/防護罩.shadergraph
  artifactKey: Guid(5b2e198ace832174e99f34c4ef8a7b56) Importer(815301076,1909f56bfc062723c751e8b465ee728b)
Start importing Assets/材質球/防護罩.shadergraph using Guid(5b2e198ace832174e99f34c4ef8a7b56) Importer(815301076,1909f56bfc062723c751e8b465ee728b)  -> (artifact id: 'bddbacdc09fbf2396a261dd193891e78') in 0.009611 seconds 
  Import took 0.016505 seconds .

========================================================================
Received Import Request.
  Time since last request: 51.422498 seconds.
  path: Assets/材質球/防護罩.shadergraph
  artifactKey: Guid(5b2e198ace832174e99f34c4ef8a7b56) Importer(815301076,1909f56bfc062723c751e8b465ee728b)
Start importing Assets/材質球/防護罩.shadergraph using Guid(5b2e198ace832174e99f34c4ef8a7b56) Importer(815301076,1909f56bfc062723c751e8b465ee728b)  -> (artifact id: 'e5a5eca97a86b5e4c8c72a733f996ea9') in 0.009510 seconds 
  Import took 0.016316 seconds .

========================================================================
Received Import Request.
  Time since last request: 15.213381 seconds.
  path: Assets/材質球/防護罩.shadergraph
  artifactKey: Guid(5b2e198ace832174e99f34c4ef8a7b56) Importer(815301076,1909f56bfc062723c751e8b465ee728b)
Start importing Assets/材質球/防護罩.shadergraph using Guid(5b2e198ace832174e99f34c4ef8a7b56) Importer(815301076,1909f56bfc062723c751e8b465ee728b)  -> (artifact id: 'bf29da9c1b53f36a2cdff7ae3b89bdd0') in 0.009815 seconds 
  Import took 0.018281 seconds .

========================================================================
Received Import Request.
  Time since last request: 117.805163 seconds.
  path: Assets/材質球/防護罩.shadergraph
  artifactKey: Guid(5b2e198ace832174e99f34c4ef8a7b56) Importer(815301076,1909f56bfc062723c751e8b465ee728b)
Start importing Assets/材質球/防護罩.shadergraph using Guid(5b2e198ace832174e99f34c4ef8a7b56) Importer(815301076,1909f56bfc062723c751e8b465ee728b)  -> (artifact id: 'af62994745d9c479e04af46f1f389dab') in 0.008949 seconds 
  Import took 0.016362 seconds .

========================================================================
Received Import Request.
  Time since last request: 187.579585 seconds.
  path: Assets/材質球/防護罩.shadergraph
  artifactKey: Guid(5b2e198ace832174e99f34c4ef8a7b56) Importer(815301076,1909f56bfc062723c751e8b465ee728b)
Start importing Assets/材質球/防護罩.shadergraph using Guid(5b2e198ace832174e99f34c4ef8a7b56) Importer(815301076,1909f56bfc062723c751e8b465ee728b)  -> (artifact id: 'af36d34a6c0a926955cec5f03dce148b') in 0.010167 seconds 
  Import took 0.019105 seconds .

========================================================================
Received Import Request.
  Time since last request: 224.325027 seconds.
  path: Assets/材質球/防護罩.shadergraph
  artifactKey: Guid(5b2e198ace832174e99f34c4ef8a7b56) Importer(815301076,1909f56bfc062723c751e8b465ee728b)
Start importing Assets/材質球/防護罩.shadergraph using Guid(5b2e198ace832174e99f34c4ef8a7b56) Importer(815301076,1909f56bfc062723c751e8b465ee728b)  -> (artifact id: '6831404c0cd8fe9300d7c52d5b32f7d7') in 0.010995 seconds 
  Import took 0.019487 seconds .

========================================================================
Received Import Request.
  Time since last request: 966.584628 seconds.
  path: Assets/hexabg.jpg
  artifactKey: Guid(ccf1bfc8da2f45f4cbcf3f46a892fd89) Importer(815301076,1909f56bfc062723c751e8b465ee728b)
Start importing Assets/hexabg.jpg using Guid(ccf1bfc8da2f45f4cbcf3f46a892fd89) Importer(815301076,1909f56bfc062723c751e8b465ee728b)  -> (artifact id: 'd97f7fd17bc9915502b7539d5aebbbfa') in 0.161478 seconds 
  Import took 0.166695 seconds .

========================================================================
Received Import Request.
  Time since last request: 2623.391893 seconds.
  path: Assets/hexabg fix.jpg
  artifactKey: Guid(2dd6471d4227f1f48822769daaa978d6) Importer(815301076,1909f56bfc062723c751e8b465ee728b)
Start importing Assets/hexabg fix.jpg using Guid(2dd6471d4227f1f48822769daaa978d6) Importer(815301076,1909f56bfc062723c751e8b465ee728b)  -> (artifact id: '17696a517917327eaa7f590397bddeac') in 0.057068 seconds 
  Import took 0.089935 seconds .

========================================================================
Received Import Request.
  Time since last request: 0.010459 seconds.
  path: Assets/hexabg fix.jpg
  artifactKey: Guid(2dd6471d4227f1f48822769daaa978d6) Importer(815301076,1909f56bfc062723c751e8b465ee728b)
Start importing Assets/hexabg fix.jpg using Guid(2dd6471d4227f1f48822769daaa978d6) Importer(815301076,1909f56bfc062723c751e8b465ee728b)  -> (artifact id: '17696a517917327eaa7f590397bddeac') in 0.016436 seconds 
  Import took 0.022394 seconds .

========================================================================
Received Import Request.
  Time since last request: 90.125509 seconds.
  path: Assets/材質球/防護罩.shadergraph
  artifactKey: Guid(5b2e198ace832174e99f34c4ef8a7b56) Importer(815301076,1909f56bfc062723c751e8b465ee728b)
Start importing Assets/材質球/防護罩.shadergraph using Guid(5b2e198ace832174e99f34c4ef8a7b56) Importer(815301076,1909f56bfc062723c751e8b465ee728b)  -> (artifact id: '193d4590bc7982f759e614bdb13ce3a9') in 0.017812 seconds 
  Import took 0.023210 seconds .

========================================================================
Received Import Request.
  Time since last request: 0.008936 seconds.
  path: Assets/材質球/防護罩.shadergraph
  artifactKey: Guid(5b2e198ace832174e99f34c4ef8a7b56) Importer(815301076,1909f56bfc062723c751e8b465ee728b)
Start importing Assets/材質球/防護罩.shadergraph using Guid(5b2e198ace832174e99f34c4ef8a7b56) Importer(815301076,1909f56bfc062723c751e8b465ee728b)  -> (artifact id: '193d4590bc7982f759e614bdb13ce3a9') in 0.009137 seconds 
  Import took 0.015423 seconds .

========================================================================
Received Prepare
Registering precompiled user dll's ...
Registered in 0.226524 seconds.
Begin MonoManager ReloadAssembly
Native extension for WindowsStandalone target not found
Native extension for WebGL target not found
Refreshing native plugins compatible for Editor in 0.75 ms, found 2 plugins.
Preloading 0 native plugins for Editor in 0.00 ms.
Mono: successfully reloaded assembly
- Completed reload, in  2.136 seconds
Domain Reload Profiling:
	ReloadAssembly (2138ms)
		BeginReloadAssembly (319ms)
			ExecutionOrderSort (0ms)
			DisableScriptedObjects (16ms)
			BackupInstance (0ms)
			ReleaseScriptingObjects (0ms)
			CreateAndSetChildDomain (135ms)
		EndReloadAssembly (1684ms)
			LoadAssemblies (209ms)
			RebuildTransferFunctionScriptingTraits (0ms)
			SetupTypeCache (489ms)
			ReleaseScriptCaches (2ms)
			RebuildScriptCaches (64ms)
			SetupLoadedEditorAssemblies (737ms)
				LogAssemblyErrors (0ms)
				InitializePlatformSupportModulesInManaged (10ms)
				SetLoadedEditorAssemblies (1ms)
				RefreshPlugins (1ms)
				BeforeProcessingInitializeOnLoad (143ms)
				ProcessInitializeOnLoadAttributes (558ms)
				ProcessInitializeOnLoadMethodAttributes (5ms)
				AfterProcessingInitializeOnLoad (18ms)
				EditorAssembliesLoaded (0ms)
			ExecutionOrderSort2 (0ms)
			AwakeInstancesAfterBackupRestoration (14ms)
Platform modules already initialized, skipping
Shader 'Universal Render Pipeline/Particles/Lit': fallback shader 'Universal Render Pipeline/Particles/SimpleLit' not found
Refreshing native plugins compatible for Editor in 0.98 ms, found 2 plugins.
Preloading 0 native plugins for Editor in 0.00 ms.
Unloading 2590 Unused Serialized files (Serialized files now loaded: 0)
System memory in use before: 115.3 MB.
System memory in use after: 115.5 MB.

Unloading 14 unused Assets to reduce memory usage. Loaded Objects now: 3136.
Total: 5.812200 ms (FindLiveObjects: 0.480800 ms CreateObjectMapping: 0.210700 ms MarkObjects: 5.089200 ms  DeleteObjects: 0.029300 ms)

AssetImportParameters requested are different than current active one (requested -> active):
  custom:framework-win-MediaFoundation: 216162199b28c13a410421893ffa2e32 -> 
  custom:video-decoder-ogg-theora: a1e56fd34408186e4bbccfd4996cb3dc -> 
  custom:container-muxer-webm: aa71ff27fc2769a1b78a27578f13a17b -> 
  custom:container-demuxer-webm: 4f35f7cbe854078d1ac9338744f61a02 -> 
  custom:container-demuxer-ogg: 62fdf1f143b41e24485cea50d1cbac27 -> 
  custom:video-encoder-webm-vp8: eb34c28f22e8b96e1ab97ce403110664 -> 
  custom:video-decoder-webm-vp8: 9c59270c3fd7afecdb556c50c9e8de78 -> 
  custom:audio-decoder-ogg-vorbis: bf7c407c2cedff20999df2af8eb42d56 -> 
  custom:audio-encoder-webm-vorbis: bf7c407c2cedff20999df2af8eb42d56 -> 
========================================================================
Received Prepare
Registering precompiled user dll's ...
Registered in 0.012003 seconds.
Begin MonoManager ReloadAssembly
Native extension for WindowsStandalone target not found
Native extension for WebGL target not found
Refreshing native plugins compatible for Editor in 1.07 ms, found 2 plugins.
Preloading 0 native plugins for Editor in 0.00 ms.
Mono: successfully reloaded assembly
- Completed reload, in  1.809 seconds
Domain Reload Profiling:
	ReloadAssembly (1810ms)
		BeginReloadAssembly (236ms)
			ExecutionOrderSort (0ms)
			DisableScriptedObjects (5ms)
			BackupInstance (0ms)
			ReleaseScriptingObjects (0ms)
			CreateAndSetChildDomain (64ms)
		EndReloadAssembly (1463ms)
			LoadAssemblies (219ms)
			RebuildTransferFunctionScriptingTraits (0ms)
			SetupTypeCache (454ms)
			ReleaseScriptCaches (2ms)
			RebuildScriptCaches (60ms)
			SetupLoadedEditorAssemblies (621ms)
				LogAssemblyErrors (0ms)
				InitializePlatformSupportModulesInManaged (10ms)
				SetLoadedEditorAssemblies (1ms)
				RefreshPlugins (1ms)
				BeforeProcessingInitializeOnLoad (153ms)
				ProcessInitializeOnLoadAttributes (427ms)
				ProcessInitializeOnLoadMethodAttributes (5ms)
				AfterProcessingInitializeOnLoad (23ms)
				EditorAssembliesLoaded (0ms)
			ExecutionOrderSort2 (0ms)
			AwakeInstancesAfterBackupRestoration (16ms)
Platform modules already initialized, skipping
Shader 'Universal Render Pipeline/Particles/Lit': fallback shader 'Universal Render Pipeline/Particles/SimpleLit' not found
Refreshing native plugins compatible for Editor in 1.15 ms, found 2 plugins.
Preloading 0 native plugins for Editor in 0.00 ms.
Unloading 2590 Unused Serialized files (Serialized files now loaded: 0)
System memory in use before: 115.4 MB.
System memory in use after: 115.7 MB.

Unloading 14 unused Assets to reduce memory usage. Loaded Objects now: 3138.
Total: 5.056600 ms (FindLiveObjects: 0.316000 ms CreateObjectMapping: 0.113900 ms MarkObjects: 4.580800 ms  DeleteObjects: 0.042600 ms)

AssetImportParameters requested are different than current active one (requested -> active):
  custom:framework-win-MediaFoundation: 216162199b28c13a410421893ffa2e32 -> 
  custom:video-decoder-ogg-theora: a1e56fd34408186e4bbccfd4996cb3dc -> 
  custom:container-muxer-webm: aa71ff27fc2769a1b78a27578f13a17b -> 
  custom:container-demuxer-webm: 4f35f7cbe854078d1ac9338744f61a02 -> 
  custom:container-demuxer-ogg: 62fdf1f143b41e24485cea50d1cbac27 -> 
  custom:video-encoder-webm-vp8: eb34c28f22e8b96e1ab97ce403110664 -> 
  custom:video-decoder-webm-vp8: 9c59270c3fd7afecdb556c50c9e8de78 -> 
  custom:audio-decoder-ogg-vorbis: bf7c407c2cedff20999df2af8eb42d56 -> 
  custom:audio-encoder-webm-vorbis: bf7c407c2cedff20999df2af8eb42d56 -> 
AssetImportWorkerClient::OnTransportError - code=2 error=End of file
